<?xml version="1.0" encoding="UTF-8"?>
<testsuite name="com.amazon.webservices.soap.client.test.AmazonClientWorkerTest" tests="1" skipped="1" failures="0" errors="0" timestamp="2020-07-20T17:05:14" hostname="CAW1PF16H7PB" time="0.0">
  <properties/>
  <testcase name="testGetAmazonInfo" classname="com.amazon.webservices.soap.client.test.AmazonClientWorkerTest" time="0.0">
    <skipped/>
  </testcase>
  <system-out><![CDATA[]]></system-out>
  <system-err><![CDATA[]]></system-err>
</testsuite>
